<?xml version="1.0" encoding="UTF-8"?>
<!-- Generated by org.testng.reporters.JUnitReportReporter -->
<testsuite hostname="DESKTOP-T65CPCB" failures="0" tests="2" name="testcases.LoginPageTests" time="0.006" errors="0" timestamp="2022-04-19T12:33:32 IST" skipped="0">
  <testcase classname="testcases.LoginPageTests" name="verifyLoginWithValidCred" time="0.001"/>
  <system-out/>
  <testcase classname="testcases.LoginPageTests" name="verifyLoginWithInValidCred" time="0.005"/>
  <system-out/>
</testsuite> <!-- testcases.LoginPageTests -->
