<?xml version="1.0" encoding="UTF-8"?>
<!-- Generated by org.testng.reporters.JUnitReportReporter -->
<testsuite skipped="0" hostname="DESKTOP-T65CPCB" name="testcases.CartPageTests" tests="1" failures="0" timestamp="2022-04-19T16:11:57 IST" time="0.000" errors="0">
  <testcase name="verifyCart" time="0.000" classname="testcases.CartPageTests"/>
  <system-out/>
</testsuite> <!-- testcases.CartPageTests -->
