<?xml version="1.0" encoding="UTF-8"?>
<!-- Generated by org.testng.reporters.JUnitReportReporter -->
<testsuite hostname="DESKTOP-T65CPCB" failures="0" tests="1" name="testcases.SearchPageTests" time="0.001" errors="0" timestamp="2022-04-19T12:40:46 IST" skipped="0">
  <testcase classname="testcases.SearchPageTests" name="verifySearch" time="0.001"/>
  <system-out/>
</testsuite> <!-- testcases.SearchPageTests -->
