<?xml version="1.0" encoding="UTF-8"?>
<!-- Generated by org.testng.reporters.JUnitReportReporter -->
<testsuite skipped="0" hostname="DESKTOP-T65CPCB" name="testcases.LoginPageTests" tests="2" failures="0" timestamp="2022-04-19T16:09:35 IST" time="0.003" errors="0">
  <testcase name="verifyLoginWithValidCred" time="0.000" classname="testcases.LoginPageTests"/>
  <system-out/>
  <testcase name="verifyLoginWithInValidCred" time="0.003" classname="testcases.LoginPageTests"/>
  <system-out/>
</testsuite> <!-- testcases.LoginPageTests -->
