<?xml version="1.0" encoding="UTF-8"?>
<!-- Generated by org.testng.reporters.JUnitReportReporter -->
<testsuite skipped="0" hostname="DESKTOP-T65CPCB" name="testcases.SearchPageTests" tests="1" failures="0" timestamp="2022-04-19T16:09:35 IST" time="0.000" errors="0">
  <testcase name="verifySearch" time="0.000" classname="testcases.SearchPageTests"/>
  <system-out/>
</testsuite> <!-- testcases.SearchPageTests -->
