<?xml version="1.0" encoding="UTF-8"?>
<!-- Generated by org.testng.reporters.JUnitReportReporter -->
<testsuite hostname="DESKTOP-T65CPCB" failures="0" tests="2" name="testcases.LoginPageTests" time="0.003" errors="0" timestamp="2022-04-19T12:40:46 IST" skipped="0">
  <testcase classname="testcases.LoginPageTests" name="verifyLoginWithValidCred" time="0.000"/>
  <system-out/>
  <testcase classname="testcases.LoginPageTests" name="verifyLoginWithInValidCred" time="0.003"/>
  <system-out/>
</testsuite> <!-- testcases.LoginPageTests -->
